<?xml version="1.0" encoding="UTF-8"?>
<!-- Generated by org.testng.reporters.JUnitReportReporter -->
<testsuite skipped="0" hostname="Eroms-Hp-New" name="eCommerce_project.eCommerce_tc_2" tests="1" failures="0" timestamp="2023-04-02T18:30:33 AEST" time="19.110" errors="0">
  <testcase name="AddToCart" time="19.110" classname="eCommerce_project.eCommerce_tc_2"/>
  <system-out/>
</testsuite> <!-- eCommerce_project.eCommerce_tc_2 -->
