<?xml version="1.0" encoding="UTF-8"?>
<!-- Generated by org.testng.reporters.JUnitReportReporter -->
<testsuite skipped="0" hostname="Eroms-Hp-New" name="eromsTe.Appium.SwipeDemo" tests="1" failures="0" timestamp="31 Mar 2023 04:57:37 GMT" time="4.753" errors="0">
  <testcase name="SwipeDemoTest" time="4.753" classname="eromsTe.Appium.SwipeDemo"/>
</testsuite> <!-- eromsTe.Appium.SwipeDemo -->
