<?xml version="1.0" encoding="UTF-8"?>
<!-- Generated by org.testng.reporters.JUnitReportReporter -->
<testsuite skipped="0" hostname="Eroms-Hp-New" name="eromsTe.Appium.MobileBrowserTest" tests="1" failures="0" timestamp="2023-04-07T10:40:13 AEST" time="5.800" errors="0">
  <testcase name="browserTest" time="5.800" classname="eromsTe.Appium.MobileBrowserTest"/>
  <system-out/>
</testsuite> <!-- eromsTe.Appium.MobileBrowserTest -->
