<?xml version="1.0" encoding="UTF-8"?>
<!-- Generated by org.testng.reporters.JUnitReportReporter -->
<testsuite skipped="0" hostname="Eroms-Hp-New" name="eCommerce_project.eCommerce_tc_4" tests="1" failures="0" timestamp="2023-04-03T21:03:33 AEST" time="32.814" errors="0">
  <testcase name="sumCartPrices" time="32.814" classname="eCommerce_project.eCommerce_tc_4"/>
  <system-out/>
</testsuite> <!-- eCommerce_project.eCommerce_tc_4 -->
