<?xml version="1.0" encoding="UTF-8"?>
<!-- Generated by org.testng.reporters.JUnitReportReporter -->
<testsuite skipped="0" hostname="Eroms-Hp-New" name="eromsTe.Appium.Misceallanous" tests="1" failures="0" timestamp="02 Apr 2023 05:52:49 GMT" time="8.821" errors="0">
  <testcase name="Misc" time="8.821" classname="eromsTe.Appium.Misceallanous"/>
</testsuite> <!-- eromsTe.Appium.Misceallanous -->
