<?xml version="1.0" encoding="UTF-8"?>
<!-- Generated by org.testng.reporters.JUnitReportReporter -->
<testsuite skipped="0" hostname="Eroms-Hp-New" name="eCommerce_project.eCommerce_tc_1" tests="1" failures="0" timestamp="2023-04-02T17:25:26 AEST" time="11.830" errors="0">
  <testcase name="Fillform" time="11.830" classname="eCommerce_project.eCommerce_tc_1"/>
  <system-out/>
</testsuite> <!-- eCommerce_project.eCommerce_tc_1 -->
