<?xml version="1.0" encoding="UTF-8"?>
<!-- Generated by org.testng.reporters.JUnitReportReporter -->
<testsuite skipped="0" hostname="Eroms-Hp-New" name="eromsTe.Appium.AppAlertDialogsDemo" tests="1" failures="0" timestamp="02 Apr 2023 05:16:25 GMT" time="9.801" errors="0">
  <testcase name="FreeStyleDemoTest" time="9.801" classname="eromsTe.Appium.AppAlertDialogsDemo"/>
</testsuite> <!-- eromsTe.Appium.AppAlertDialogsDemo -->
