<?xml version="1.0" encoding="UTF-8"?>
<!-- Generated by org.testng.reporters.JUnitReportReporter -->
<testsuite skipped="0" hostname="Eroms-Hp-New" name="eromsTe.Appium.ScrollDemo" tests="1" failures="0" timestamp="31 Mar 2023 02:22:59 GMT" time="29.813" errors="0">
  <testcase name="ScrollDemoTest" time="29.813" classname="eromsTe.Appium.ScrollDemo"/>
</testsuite> <!-- eromsTe.Appium.ScrollDemo -->
