<?xml version="1.0" encoding="UTF-8"?>
<!-- Generated by org.testng.reporters.JUnitReportReporter -->
<testsuite skipped="0" hostname="Eroms-Hp-New" name="eCommerce_project.eCommerce_tc_3" tests="1" failures="0" timestamp="2023-04-03T20:13:54 AEST" time="24.404" errors="0">
  <testcase name="sumCartPrices" time="24.404" classname="eCommerce_project.eCommerce_tc_3"/>
  <system-out/>
</testsuite> <!-- eCommerce_project.eCommerce_tc_3 -->
