<?xml version="1.0" encoding="UTF-8"?>
<!-- Generated by org.testng.reporters.JUnitReportReporter -->
<testsuite skipped="0" hostname="Eroms-Hp-New" name="eromsTe.Appium.LongPress" tests="1" failures="0" timestamp="31 Mar 2023 01:33:28 GMT" time="5.950" errors="0">
  <testcase name="LongPressGesture" time="5.950" classname="eromsTe.Appium.LongPress"/>
</testsuite> <!-- eromsTe.Appium.LongPress -->
