<?xml version="1.0" encoding="UTF-8"?>
<!-- Generated by org.testng.reporters.JUnitReportReporter -->
<testsuite skipped="0" hostname="Eroms-Hp-New" name="eromsTe.Appium.AppiumBasics" tests="1" failures="0" timestamp="2023-04-23T21:45:10 AEST" time="5.950" errors="0">
  <testcase name="WifiSettingsName" time="5.950" classname="eromsTe.Appium.AppiumBasics"/>
  <system-out/>
</testsuite> <!-- eromsTe.Appium.AppiumBasics -->
